INFO:sdv.metadata.single_table:Detected metadata:
INFO:sdv.metadata.single_table:{
    "columns": {
        "Country": {
            "sdtype": "id"
        },
        "Capital City": {
            "sdtype": "city",
            "pii": true
        },
        "Latitude": {
            "sdtype": "latitude",
            "pii": true
        },
        "Longitude": {
            "sdtype": "longitude",
            "pii": true
        },
        "Temperature": {
            "sdtype": "numerical"
        },
        "Category": {
            "sdtype": "categorical"
        }
    },
    "primary_key": "Country",
    "METADATA_SPEC_VERSION": "SINGLE_TABLE_V1"
}
INFO:sdv.metadata.single_table:Detected metadata:
INFO:sdv.metadata.single_table:{
    "columns": {
        "Country": {
            "sdtype": "id"
        },
        "Capital City": {
            "sdtype": "city",
            "pii": true
        },
        "Latitude": {
            "sdtype": "latitude",
            "pii": true
        },
        "Longitude": {
            "sdtype": "longitude",
            "pii": true
        },
        "Temperature": {
            "sdtype": "numerical"
        },
        "Category": {
            "sdtype": "categorical"
        }
    },
    "primary_key": "Country",
    "METADATA_SPEC_VERSION": "SINGLE_TABLE_V1"
}
INFO:sdv.metadata.single_table:Detected metadata:
INFO:sdv.metadata.single_table:{
    "primary_key": "Country",
    "METADATA_SPEC_VERSION": "SINGLE_TABLE_V1",
    "columns": {
        "Country": {
            "sdtype": "id"
        },
        "Capital City": {
            "sdtype": "city",
            "pii": true
        },
        "Latitude": {
            "sdtype": "latitude",
            "pii": true
        },
        "Longitude": {
            "sdtype": "longitude",
            "pii": true
        },
        "Temperature": {
            "sdtype": "numerical"
        },
        "Category": {
            "sdtype": "categorical"
        }
    }
}
INFO:SingleTableSynthesizer:{'EVENT': 'Instance', 'TIMESTAMP': datetime.datetime(2024, 8, 4, 6, 27, 13, 121308), 'SYNTHESIZER CLASS NAME': 'CTGANSynthesizer', 'SYNTHESIZER ID': 'CTGANSynthesizer_1.15.0_a92e7acfd9ff48078b5e5da3f1aa50ba'}
INFO:SingleTableSynthesizer:{'EVENT': 'Fit', 'TIMESTAMP': datetime.datetime(2024, 8, 4, 6, 27, 13, 121539), 'SYNTHESIZER CLASS NAME': 'CTGANSynthesizer', 'SYNTHESIZER ID': 'CTGANSynthesizer_1.15.0_a92e7acfd9ff48078b5e5da3f1aa50ba', 'TOTAL NUMBER OF TABLES': 1, 'TOTAL NUMBER OF ROWS': 13, 'TOTAL NUMBER OF COLUMNS': 6}
INFO:sdv.data_processing.data_processor:Fitting table  metadata
INFO:sdv.data_processing.data_processor:Fitting formatters for table 
INFO:sdv.data_processing.data_processor:Fitting constraints for table 
INFO:sdv.data_processing.data_processor:Setting the configuration for the ``HyperTransformer`` for table 
INFO:sdv.data_processing.data_processor:Fitting HyperTransformer for table 
INFO:SingleTableSynthesizer:{'EVENT': 'Fit processed data', 'TIMESTAMP': datetime.datetime(2024, 8, 4, 6, 27, 13, 521329), 'SYNTHESIZER CLASS NAME': 'CTGANSynthesizer', 'SYNTHESIZER ID': 'CTGANSynthesizer_1.15.0_a92e7acfd9ff48078b5e5da3f1aa50ba', 'TOTAL NUMBER OF TABLES': 1, 'TOTAL NUMBER OF ROWS': 13, 'TOTAL NUMBER OF COLUMNS': 2}
INFO:rdt.transformers.null:Guidance: There are no missing values in column Temperature. Extra column not created.
INFO:SingleTableSynthesizer:{'EVENT': 'Sample', 'TIMESTAMP': datetime.datetime(2024, 8, 4, 6, 28, 13, 904723), 'SYNTHESIZER CLASS NAME': 'CTGANSynthesizer', 'SYNTHESIZER ID': 'CTGANSynthesizer_1.15.0_a92e7acfd9ff48078b5e5da3f1aa50ba', 'TOTAL NUMBER OF TABLES': 1, 'TOTAL NUMBER OF ROWS': 13, 'TOTAL NUMBER OF COLUMNS': 6}
WARNING:pgmpy:Probability values don't exactly sum to 1. Differ by: 1.1102230246251565e-16. Adjusting values.
WARNING:pgmpy:Probability values don't exactly sum to 1. Differ by: 1.1102230246251565e-16. Adjusting values.
WARNING:tensorflow:5 out of the last 5 calls to <function TensorFlowTrainer.make_train_function.<locals>.one_step_on_iterator at 0x7f9b1e4f6820> triggered tf.function retracing. Tracing is expensive and the excessive number of tracings could be due to (1) creating @tf.function repeatedly in a loop, (2) passing tensors with different shapes, (3) passing Python objects instead of tensors. For (1), please define your @tf.function outside of the loop. For (2), @tf.function has reduce_retracing=True option that can avoid unnecessary retracing. For (3), please refer to https://www.tensorflow.org/guide/function#controlling_retracing and https://www.tensorflow.org/api_docs/python/tf/function for  more details.
WARNING:pgmpy:Probability values don't exactly sum to 1. Differ by: 1.1102230246251565e-16. Adjusting values.
WARNING:tensorflow:6 out of the last 6 calls to <function TensorFlowTrainer.make_train_function.<locals>.one_step_on_iterator at 0x7f9b1de7b0d0> triggered tf.function retracing. Tracing is expensive and the excessive number of tracings could be due to (1) creating @tf.function repeatedly in a loop, (2) passing tensors with different shapes, (3) passing Python objects instead of tensors. For (1), please define your @tf.function outside of the loop. For (2), @tf.function has reduce_retracing=True option that can avoid unnecessary retracing. For (3), please refer to https://www.tensorflow.org/guide/function#controlling_retracing and https://www.tensorflow.org/api_docs/python/tf/function for  more details.
WARNING:pgmpy:Probability values don't exactly sum to 1. Differ by: 1.1102230246251565e-16. Adjusting values.
WARNING:pgmpy:Probability values don't exactly sum to 1. Differ by: 1.1102230246251565e-16. Adjusting values.
WARNING:pgmpy:Probability values don't exactly sum to 1. Differ by: 1.1102230246251565e-16. Adjusting values.
WARNING:pgmpy:Probability values don't exactly sum to 1. Differ by: 1.1102230246251565e-16. Adjusting values.
WARNING:tensorflow:5 out of the last 5 calls to <function TensorFlowTrainer.make_predict_function.<locals>.one_step_on_data_distributed at 0x7f9b220460d0> triggered tf.function retracing. Tracing is expensive and the excessive number of tracings could be due to (1) creating @tf.function repeatedly in a loop, (2) passing tensors with different shapes, (3) passing Python objects instead of tensors. For (1), please define your @tf.function outside of the loop. For (2), @tf.function has reduce_retracing=True option that can avoid unnecessary retracing. For (3), please refer to https://www.tensorflow.org/guide/function#controlling_retracing and https://www.tensorflow.org/api_docs/python/tf/function for  more details.
WARNING:tensorflow:6 out of the last 6 calls to <function TensorFlowTrainer.make_predict_function.<locals>.one_step_on_data_distributed at 0x7f9b22744700> triggered tf.function retracing. Tracing is expensive and the excessive number of tracings could be due to (1) creating @tf.function repeatedly in a loop, (2) passing tensors with different shapes, (3) passing Python objects instead of tensors. For (1), please define your @tf.function outside of the loop. For (2), @tf.function has reduce_retracing=True option that can avoid unnecessary retracing. For (3), please refer to https://www.tensorflow.org/guide/function#controlling_retracing and https://www.tensorflow.org/api_docs/python/tf/function for  more details.
WARNING:pgmpy:Probability values don't exactly sum to 1. Differ by: 1.1102230246251565e-16. Adjusting values.
WARNING:pgmpy:Probability values don't exactly sum to 1. Differ by: 1.1102230246251565e-16. Adjusting values.
WARNING:pgmpy:Probability values don't exactly sum to 1. Differ by: 1.1102230246251565e-16. Adjusting values.
WARNING:pgmpy:Probability values don't exactly sum to 1. Differ by: -2.220446049250313e-16. Adjusting values.
WARNING:pgmpy:Probability values don't exactly sum to 1. Differ by: 2.220446049250313e-16. Adjusting values.
WARNING:pgmpy:Probability values don't exactly sum to 1. Differ by: 1.1102230246251565e-16. Adjusting values.
WARNING:pgmpy:Probability values don't exactly sum to 1. Differ by: 2.220446049250313e-16. Adjusting values.
WARNING:pgmpy:Probability values don't exactly sum to 1. Differ by: 1.1102230246251565e-16. Adjusting values.
WARNING:pgmpy:Probability values don't exactly sum to 1. Differ by: 2.220446049250313e-16. Adjusting values.
WARNING:pgmpy:Probability values don't exactly sum to 1. Differ by: 1.1102230246251565e-16. Adjusting values.
WARNING:pgmpy:Probability values don't exactly sum to 1. Differ by: 2.220446049250313e-16. Adjusting values.
WARNING:pgmpy:Probability values don't exactly sum to 1. Differ by: 1.1102230246251565e-16. Adjusting values.
WARNING:pgmpy:Probability values don't exactly sum to 1. Differ by: 2.220446049250313e-16. Adjusting values.
WARNING:pgmpy:Probability values don't exactly sum to 1. Differ by: 1.1102230246251565e-16. Adjusting values.
WARNING:pgmpy:Probability values don't exactly sum to 1. Differ by: 2.220446049250313e-16. Adjusting values.
WARNING:pgmpy:Probability values don't exactly sum to 1. Differ by: 1.1102230246251565e-16. Adjusting values.
WARNING:pgmpy:Probability values don't exactly sum to 1. Differ by: 1.1102230246251565e-16. Adjusting values.
WARNING:pgmpy:Probability values don't exactly sum to 1. Differ by: 1.1102230246251565e-16. Adjusting values.
WARNING:tensorflow:5 out of the last 5 calls to <function TensorFlowTrainer.make_train_function.<locals>.one_step_on_iterator at 0x7f9ecac73820> triggered tf.function retracing. Tracing is expensive and the excessive number of tracings could be due to (1) creating @tf.function repeatedly in a loop, (2) passing tensors with different shapes, (3) passing Python objects instead of tensors. For (1), please define your @tf.function outside of the loop. For (2), @tf.function has reduce_retracing=True option that can avoid unnecessary retracing. For (3), please refer to https://www.tensorflow.org/guide/function#controlling_retracing and https://www.tensorflow.org/api_docs/python/tf/function for  more details.
WARNING:pgmpy:Probability values don't exactly sum to 1. Differ by: 1.1102230246251565e-16. Adjusting values.
WARNING:pgmpy:Probability values don't exactly sum to 1. Differ by: -2.220446049250313e-16. Adjusting values.
WARNING:tensorflow:6 out of the last 6 calls to <function TensorFlowTrainer.make_train_function.<locals>.one_step_on_iterator at 0x7f9ecc3701f0> triggered tf.function retracing. Tracing is expensive and the excessive number of tracings could be due to (1) creating @tf.function repeatedly in a loop, (2) passing tensors with different shapes, (3) passing Python objects instead of tensors. For (1), please define your @tf.function outside of the loop. For (2), @tf.function has reduce_retracing=True option that can avoid unnecessary retracing. For (3), please refer to https://www.tensorflow.org/guide/function#controlling_retracing and https://www.tensorflow.org/api_docs/python/tf/function for  more details.
WARNING:pgmpy:Probability values don't exactly sum to 1. Differ by: 1.1102230246251565e-16. Adjusting values.
WARNING:pgmpy:Probability values don't exactly sum to 1. Differ by: 1.1102230246251565e-16. Adjusting values.
WARNING:pgmpy:Probability values don't exactly sum to 1. Differ by: 1.1102230246251565e-16. Adjusting values.
WARNING:pgmpy:Probability values don't exactly sum to 1. Differ by: 1.1102230246251565e-16. Adjusting values.
WARNING:pgmpy:Probability values don't exactly sum to 1. Differ by: 1.1102230246251565e-16. Adjusting values.
WARNING:tensorflow:5 out of the last 5 calls to <function TensorFlowTrainer.make_predict_function.<locals>.one_step_on_data_distributed at 0x7f9ecd6bb0d0> triggered tf.function retracing. Tracing is expensive and the excessive number of tracings could be due to (1) creating @tf.function repeatedly in a loop, (2) passing tensors with different shapes, (3) passing Python objects instead of tensors. For (1), please define your @tf.function outside of the loop. For (2), @tf.function has reduce_retracing=True option that can avoid unnecessary retracing. For (3), please refer to https://www.tensorflow.org/guide/function#controlling_retracing and https://www.tensorflow.org/api_docs/python/tf/function for  more details.
WARNING:pgmpy:Probability values don't exactly sum to 1. Differ by: -2.220446049250313e-16. Adjusting values.
WARNING:tensorflow:6 out of the last 6 calls to <function TensorFlowTrainer.make_predict_function.<locals>.one_step_on_data_distributed at 0x7f9ecdb76700> triggered tf.function retracing. Tracing is expensive and the excessive number of tracings could be due to (1) creating @tf.function repeatedly in a loop, (2) passing tensors with different shapes, (3) passing Python objects instead of tensors. For (1), please define your @tf.function outside of the loop. For (2), @tf.function has reduce_retracing=True option that can avoid unnecessary retracing. For (3), please refer to https://www.tensorflow.org/guide/function#controlling_retracing and https://www.tensorflow.org/api_docs/python/tf/function for  more details.
WARNING:pgmpy:Probability values don't exactly sum to 1. Differ by: 1.1102230246251565e-16. Adjusting values.
WARNING:pgmpy:Probability values don't exactly sum to 1. Differ by: 1.1102230246251565e-16. Adjusting values.
WARNING:pgmpy:Probability values don't exactly sum to 1. Differ by: 1.1102230246251565e-16. Adjusting values.
WARNING:pgmpy:Probability values don't exactly sum to 1. Differ by: 1.1102230246251565e-16. Adjusting values.
WARNING:pgmpy:Probability values don't exactly sum to 1. Differ by: 1.1102230246251565e-16. Adjusting values.
WARNING:pgmpy:Probability values don't exactly sum to 1. Differ by: 1.1102230246251565e-16. Adjusting values.
WARNING:pgmpy:Probability values don't exactly sum to 1. Differ by: 1.1102230246251565e-16. Adjusting values.
WARNING:pgmpy:Probability values don't exactly sum to 1. Differ by: 1.1102230246251565e-16. Adjusting values.
WARNING:pgmpy:Probability values don't exactly sum to 1. Differ by: 1.1102230246251565e-16. Adjusting values.
WARNING:pgmpy:Probability values don't exactly sum to 1. Differ by: 1.1102230246251565e-16. Adjusting values.
INFO:katabatic.models.ganblr.ganblr_adapter:Initializing Ganblr Model
INFO:katabatic.models.ganblr.ganblr_adapter:Fitting Ganblr Model
WARNING:pgmpy:Probability values don't exactly sum to 1. Differ by: 1.1102230246251565e-16. Adjusting values.
WARNING:pgmpy:Probability values don't exactly sum to 1. Differ by: 1.1102230246251565e-16. Adjusting values.
WARNING:tensorflow:5 out of the last 5 calls to <function TensorFlowTrainer.make_train_function.<locals>.one_step_on_iterator at 0x7f9ab8dbb820> triggered tf.function retracing. Tracing is expensive and the excessive number of tracings could be due to (1) creating @tf.function repeatedly in a loop, (2) passing tensors with different shapes, (3) passing Python objects instead of tensors. For (1), please define your @tf.function outside of the loop. For (2), @tf.function has reduce_retracing=True option that can avoid unnecessary retracing. For (3), please refer to https://www.tensorflow.org/guide/function#controlling_retracing and https://www.tensorflow.org/api_docs/python/tf/function for  more details.
WARNING:tensorflow:6 out of the last 6 calls to <function TensorFlowTrainer.make_train_function.<locals>.one_step_on_iterator at 0x7f9abb4cf040> triggered tf.function retracing. Tracing is expensive and the excessive number of tracings could be due to (1) creating @tf.function repeatedly in a loop, (2) passing tensors with different shapes, (3) passing Python objects instead of tensors. For (1), please define your @tf.function outside of the loop. For (2), @tf.function has reduce_retracing=True option that can avoid unnecessary retracing. For (3), please refer to https://www.tensorflow.org/guide/function#controlling_retracing and https://www.tensorflow.org/api_docs/python/tf/function for  more details.
WARNING:pgmpy:Probability values don't exactly sum to 1. Differ by: 1.1102230246251565e-16. Adjusting values.
WARNING:pgmpy:Probability values don't exactly sum to 1. Differ by: 2.220446049250313e-16. Adjusting values.
WARNING:pgmpy:Probability values don't exactly sum to 1. Differ by: 1.1102230246251565e-16. Adjusting values.
WARNING:pgmpy:Probability values don't exactly sum to 1. Differ by: -2.220446049250313e-16. Adjusting values.
WARNING:tensorflow:5 out of the last 5 calls to <function TensorFlowTrainer.make_predict_function.<locals>.one_step_on_data_distributed at 0x7f9abca3a0d0> triggered tf.function retracing. Tracing is expensive and the excessive number of tracings could be due to (1) creating @tf.function repeatedly in a loop, (2) passing tensors with different shapes, (3) passing Python objects instead of tensors. For (1), please define your @tf.function outside of the loop. For (2), @tf.function has reduce_retracing=True option that can avoid unnecessary retracing. For (3), please refer to https://www.tensorflow.org/guide/function#controlling_retracing and https://www.tensorflow.org/api_docs/python/tf/function for  more details.
WARNING:tensorflow:6 out of the last 6 calls to <function TensorFlowTrainer.make_predict_function.<locals>.one_step_on_data_distributed at 0x7f9abcf34700> triggered tf.function retracing. Tracing is expensive and the excessive number of tracings could be due to (1) creating @tf.function repeatedly in a loop, (2) passing tensors with different shapes, (3) passing Python objects instead of tensors. For (1), please define your @tf.function outside of the loop. For (2), @tf.function has reduce_retracing=True option that can avoid unnecessary retracing. For (3), please refer to https://www.tensorflow.org/guide/function#controlling_retracing and https://www.tensorflow.org/api_docs/python/tf/function for  more details.
WARNING:pgmpy:Probability values don't exactly sum to 1. Differ by: -2.220446049250313e-16. Adjusting values.
WARNING:pgmpy:Probability values don't exactly sum to 1. Differ by: 1.1102230246251565e-16. Adjusting values.
WARNING:pgmpy:Probability values don't exactly sum to 1. Differ by: 1.1102230246251565e-16. Adjusting values.
WARNING:pgmpy:Probability values don't exactly sum to 1. Differ by: 1.1102230246251565e-16. Adjusting values.
WARNING:pgmpy:Probability values don't exactly sum to 1. Differ by: 1.1102230246251565e-16. Adjusting values.
WARNING:pgmpy:Probability values don't exactly sum to 1. Differ by: 1.1102230246251565e-16. Adjusting values.
WARNING:pgmpy:Probability values don't exactly sum to 1. Differ by: -2.220446049250313e-16. Adjusting values.
WARNING:pgmpy:Probability values don't exactly sum to 1. Differ by: 2.220446049250313e-16. Adjusting values.
INFO:katabatic.models.ganblr.ganblr_adapter:Generating from Ganblr Model
WARNING:pgmpy:Probability values don't exactly sum to 1. Differ by: -2.220446049250313e-16. Adjusting values.
WARNING:pgmpy:Probability values don't exactly sum to 1. Differ by: 2.220446049250313e-16. Adjusting values.
WARNING:pgmpy:Probability values don't exactly sum to 1. Differ by: 1.1102230246251565e-16. Adjusting values.
WARNING:pgmpy:Probability values don't exactly sum to 1. Differ by: 1.1102230246251565e-16. Adjusting values.
WARNING:pgmpy:Probability values don't exactly sum to 1. Differ by: -2.220446049250313e-16. Adjusting values.
WARNING:pgmpy:Probability values don't exactly sum to 1. Differ by: 1.1102230246251565e-16. Adjusting values.
WARNING:tensorflow:5 out of the last 5 calls to <function TensorFlowTrainer.make_train_function.<locals>.one_step_on_iterator at 0x7f78ff01b820> triggered tf.function retracing. Tracing is expensive and the excessive number of tracings could be due to (1) creating @tf.function repeatedly in a loop, (2) passing tensors with different shapes, (3) passing Python objects instead of tensors. For (1), please define your @tf.function outside of the loop. For (2), @tf.function has reduce_retracing=True option that can avoid unnecessary retracing. For (3), please refer to https://www.tensorflow.org/guide/function#controlling_retracing and https://www.tensorflow.org/api_docs/python/tf/function for  more details.
WARNING:pgmpy:Probability values don't exactly sum to 1. Differ by: 1.1102230246251565e-16. Adjusting values.
WARNING:pgmpy:Probability values don't exactly sum to 1. Differ by: 2.220446049250313e-16. Adjusting values.
WARNING:tensorflow:6 out of the last 6 calls to <function TensorFlowTrainer.make_train_function.<locals>.one_step_on_iterator at 0x7f78ff8cc4c0> triggered tf.function retracing. Tracing is expensive and the excessive number of tracings could be due to (1) creating @tf.function repeatedly in a loop, (2) passing tensors with different shapes, (3) passing Python objects instead of tensors. For (1), please define your @tf.function outside of the loop. For (2), @tf.function has reduce_retracing=True option that can avoid unnecessary retracing. For (3), please refer to https://www.tensorflow.org/guide/function#controlling_retracing and https://www.tensorflow.org/api_docs/python/tf/function for  more details.
WARNING:pgmpy:Probability values don't exactly sum to 1. Differ by: 1.1102230246251565e-16. Adjusting values.
WARNING:pgmpy:Probability values don't exactly sum to 1. Differ by: 1.1102230246251565e-16. Adjusting values.
WARNING:tensorflow:5 out of the last 5 calls to <function TensorFlowTrainer.make_predict_function.<locals>.one_step_on_data_distributed at 0x7f790297c670> triggered tf.function retracing. Tracing is expensive and the excessive number of tracings could be due to (1) creating @tf.function repeatedly in a loop, (2) passing tensors with different shapes, (3) passing Python objects instead of tensors. For (1), please define your @tf.function outside of the loop. For (2), @tf.function has reduce_retracing=True option that can avoid unnecessary retracing. For (3), please refer to https://www.tensorflow.org/guide/function#controlling_retracing and https://www.tensorflow.org/api_docs/python/tf/function for  more details.
WARNING:tensorflow:6 out of the last 6 calls to <function TensorFlowTrainer.make_predict_function.<locals>.one_step_on_data_distributed at 0x7f79038b6790> triggered tf.function retracing. Tracing is expensive and the excessive number of tracings could be due to (1) creating @tf.function repeatedly in a loop, (2) passing tensors with different shapes, (3) passing Python objects instead of tensors. For (1), please define your @tf.function outside of the loop. For (2), @tf.function has reduce_retracing=True option that can avoid unnecessary retracing. For (3), please refer to https://www.tensorflow.org/guide/function#controlling_retracing and https://www.tensorflow.org/api_docs/python/tf/function for  more details.
WARNING:pgmpy:Probability values don't exactly sum to 1. Differ by: 1.1102230246251565e-16. Adjusting values.
WARNING:pgmpy:Probability values don't exactly sum to 1. Differ by: -2.220446049250313e-16. Adjusting values.
WARNING:pgmpy:Probability values don't exactly sum to 1. Differ by: 1.1102230246251565e-16. Adjusting values.
WARNING:pgmpy:Probability values don't exactly sum to 1. Differ by: 1.1102230246251565e-16. Adjusting values.
WARNING:pgmpy:Probability values don't exactly sum to 1. Differ by: 1.1102230246251565e-16. Adjusting values.
WARNING:pgmpy:Probability values don't exactly sum to 1. Differ by: 2.220446049250313e-16. Adjusting values.
WARNING:pgmpy:Probability values don't exactly sum to 1. Differ by: 1.1102230246251565e-16. Adjusting values.
WARNING:pgmpy:Probability values don't exactly sum to 1. Differ by: 1.1102230246251565e-16. Adjusting values.
WARNING:tensorflow:From c:\Users\Asus\AppData\Local\Programs\Python\Python39\lib\site-packages\keras\src\backend\common\global_state.py:82: The name tf.reset_default_graph is deprecated. Please use tf.compat.v1.reset_default_graph instead.

WARNING:pgmpy:Probability values don't exactly sum to 1. Differ by: 2.220446049250313e-16. Adjusting values.
WARNING:tensorflow:5 out of the last 5 calls to <function TensorFlowTrainer.make_train_function.<locals>.one_step_on_iterator at 0x00000237B938D040> triggered tf.function retracing. Tracing is expensive and the excessive number of tracings could be due to (1) creating @tf.function repeatedly in a loop, (2) passing tensors with different shapes, (3) passing Python objects instead of tensors. For (1), please define your @tf.function outside of the loop. For (2), @tf.function has reduce_retracing=True option that can avoid unnecessary retracing. For (3), please refer to https://www.tensorflow.org/guide/function#controlling_retracing and https://www.tensorflow.org/api_docs/python/tf/function for  more details.
WARNING:pgmpy:Probability values don't exactly sum to 1. Differ by: 1.1102230246251565e-16. Adjusting values.
WARNING:pgmpy:Probability values don't exactly sum to 1. Differ by: 1.1102230246251565e-16. Adjusting values.
WARNING:pgmpy:Probability values don't exactly sum to 1. Differ by: 1.1102230246251565e-16. Adjusting values.
WARNING:tensorflow:6 out of the last 6 calls to <function TensorFlowTrainer.make_train_function.<locals>.one_step_on_iterator at 0x00000237BD1C95E0> triggered tf.function retracing. Tracing is expensive and the excessive number of tracings could be due to (1) creating @tf.function repeatedly in a loop, (2) passing tensors with different shapes, (3) passing Python objects instead of tensors. For (1), please define your @tf.function outside of the loop. For (2), @tf.function has reduce_retracing=True option that can avoid unnecessary retracing. For (3), please refer to https://www.tensorflow.org/guide/function#controlling_retracing and https://www.tensorflow.org/api_docs/python/tf/function for  more details.
WARNING:tensorflow:5 out of the last 5 calls to <function TensorFlowTrainer.make_predict_function.<locals>.one_step_on_data_distributed at 0x00000237BE6C4040> triggered tf.function retracing. Tracing is expensive and the excessive number of tracings could be due to (1) creating @tf.function repeatedly in a loop, (2) passing tensors with different shapes, (3) passing Python objects instead of tensors. For (1), please define your @tf.function outside of the loop. For (2), @tf.function has reduce_retracing=True option that can avoid unnecessary retracing. For (3), please refer to https://www.tensorflow.org/guide/function#controlling_retracing and https://www.tensorflow.org/api_docs/python/tf/function for  more details.
WARNING:pgmpy:Probability values don't exactly sum to 1. Differ by: 2.220446049250313e-16. Adjusting values.
WARNING:tensorflow:6 out of the last 6 calls to <function TensorFlowTrainer.make_predict_function.<locals>.one_step_on_data_distributed at 0x00000237BE8F4160> triggered tf.function retracing. Tracing is expensive and the excessive number of tracings could be due to (1) creating @tf.function repeatedly in a loop, (2) passing tensors with different shapes, (3) passing Python objects instead of tensors. For (1), please define your @tf.function outside of the loop. For (2), @tf.function has reduce_retracing=True option that can avoid unnecessary retracing. For (3), please refer to https://www.tensorflow.org/guide/function#controlling_retracing and https://www.tensorflow.org/api_docs/python/tf/function for  more details.
WARNING:pgmpy:Probability values don't exactly sum to 1. Differ by: 1.1102230246251565e-16. Adjusting values.
WARNING:pgmpy:Probability values don't exactly sum to 1. Differ by: 1.1102230246251565e-16. Adjusting values.
WARNING:pgmpy:Probability values don't exactly sum to 1. Differ by: 1.1102230246251565e-16. Adjusting values.
WARNING:pgmpy:Probability values don't exactly sum to 1. Differ by: 1.1102230246251565e-16. Adjusting values.
WARNING:pgmpy:Probability values don't exactly sum to 1. Differ by: 1.1102230246251565e-16. Adjusting values.
WARNING:pgmpy:Probability values don't exactly sum to 1. Differ by: -2.220446049250313e-16. Adjusting values.
WARNING:pgmpy:Probability values don't exactly sum to 1. Differ by: 1.1102230246251565e-16. Adjusting values.
WARNING:pgmpy:Probability values don't exactly sum to 1. Differ by: -2.220446049250313e-16. Adjusting values.
WARNING:pgmpy:Probability values don't exactly sum to 1. Differ by: 1.1102230246251565e-16. Adjusting values.
WARNING:pgmpy:Probability values don't exactly sum to 1. Differ by: 1.1102230246251565e-16. Adjusting values.
WARNING:pgmpy:Probability values don't exactly sum to 1. Differ by: 1.1102230246251565e-16. Adjusting values.
WARNING:pgmpy:Probability values don't exactly sum to 1. Differ by: -2.220446049250313e-16. Adjusting values.
WARNING:pgmpy:Probability values don't exactly sum to 1. Differ by: 1.1102230246251565e-16. Adjusting values.
WARNING:pgmpy:Probability values don't exactly sum to 1. Differ by: 1.1102230246251565e-16. Adjusting values.
WARNING:pgmpy:Probability values don't exactly sum to 1. Differ by: 1.1102230246251565e-16. Adjusting values.
WARNING:pgmpy:Probability values don't exactly sum to 1. Differ by: 2.220446049250313e-16. Adjusting values.
WARNING:pgmpy:Probability values don't exactly sum to 1. Differ by: 1.1102230246251565e-16. Adjusting values.
WARNING:pgmpy:Probability values don't exactly sum to 1. Differ by: 1.1102230246251565e-16. Adjusting values.
WARNING:pgmpy:Probability values don't exactly sum to 1. Differ by: 1.1102230246251565e-16. Adjusting values.
WARNING:pgmpy:Probability values don't exactly sum to 1. Differ by: 1.1102230246251565e-16. Adjusting values.
WARNING:pgmpy:Probability values don't exactly sum to 1. Differ by: 1.1102230246251565e-16. Adjusting values.
WARNING:pgmpy:Probability values don't exactly sum to 1. Differ by: 1.1102230246251565e-16. Adjusting values.
WARNING:pgmpy:Probability values don't exactly sum to 1. Differ by: 2.220446049250313e-16. Adjusting values.
WARNING:pgmpy:Probability values don't exactly sum to 1. Differ by: 1.1102230246251565e-16. Adjusting values.
WARNING:pgmpy:Probability values don't exactly sum to 1. Differ by: 1.1102230246251565e-16. Adjusting values.
WARNING:pgmpy:Probability values don't exactly sum to 1. Differ by: 1.1102230246251565e-16. Adjusting values.
WARNING:pgmpy:Probability values don't exactly sum to 1. Differ by: 1.1102230246251565e-16. Adjusting values.
WARNING:pgmpy:Probability values don't exactly sum to 1. Differ by: 1.1102230246251565e-16. Adjusting values.
WARNING:pgmpy:Probability values don't exactly sum to 1. Differ by: 1.1102230246251565e-16. Adjusting values.
WARNING:pgmpy:Probability values don't exactly sum to 1. Differ by: 1.1102230246251565e-16. Adjusting values.
WARNING:pgmpy:Probability values don't exactly sum to 1. Differ by: -2.220446049250313e-16. Adjusting values.
WARNING:pgmpy:Probability values don't exactly sum to 1. Differ by: 1.1102230246251565e-16. Adjusting values.
WARNING:pgmpy:Probability values don't exactly sum to 1. Differ by: 1.1102230246251565e-16. Adjusting values.
WARNING:pgmpy:Probability values don't exactly sum to 1. Differ by: -2.220446049250313e-16. Adjusting values.
WARNING:pgmpy:Probability values don't exactly sum to 1. Differ by: 1.1102230246251565e-16. Adjusting values.
WARNING:pgmpy:Probability values don't exactly sum to 1. Differ by: 1.1102230246251565e-16. Adjusting values.
WARNING:pgmpy:Probability values don't exactly sum to 1. Differ by: 1.1102230246251565e-16. Adjusting values.
WARNING:pgmpy:Probability values don't exactly sum to 1. Differ by: -2.220446049250313e-16. Adjusting values.
WARNING:pgmpy:Probability values don't exactly sum to 1. Differ by: 1.1102230246251565e-16. Adjusting values.
WARNING:pgmpy:Probability values don't exactly sum to 1. Differ by: 1.1102230246251565e-16. Adjusting values.
WARNING:pgmpy:Probability values don't exactly sum to 1. Differ by: 1.1102230246251565e-16. Adjusting values.
WARNING:pgmpy:Probability values don't exactly sum to 1. Differ by: 2.220446049250313e-16. Adjusting values.
WARNING:pgmpy:Probability values don't exactly sum to 1. Differ by: 1.1102230246251565e-16. Adjusting values.
WARNING:pgmpy:Probability values don't exactly sum to 1. Differ by: 1.1102230246251565e-16. Adjusting values.
WARNING:pgmpy:Probability values don't exactly sum to 1. Differ by: 1.1102230246251565e-16. Adjusting values.
WARNING:pgmpy:Probability values don't exactly sum to 1. Differ by: 1.1102230246251565e-16. Adjusting values.
WARNING:pgmpy:Probability values don't exactly sum to 1. Differ by: 1.1102230246251565e-16. Adjusting values.
WARNING:pgmpy:Probability values don't exactly sum to 1. Differ by: -2.220446049250313e-16. Adjusting values.
WARNING:pgmpy:Probability values don't exactly sum to 1. Differ by: 1.1102230246251565e-16. Adjusting values.
WARNING:pgmpy:Probability values don't exactly sum to 1. Differ by: 1.1102230246251565e-16. Adjusting values.
WARNING:pgmpy:Probability values don't exactly sum to 1. Differ by: 1.1102230246251565e-16. Adjusting values.
WARNING:pgmpy:Probability values don't exactly sum to 1. Differ by: 1.1102230246251565e-16. Adjusting values.
WARNING:pgmpy:Probability values don't exactly sum to 1. Differ by: 1.1102230246251565e-16. Adjusting values.
WARNING:pgmpy:Probability values don't exactly sum to 1. Differ by: 1.1102230246251565e-16. Adjusting values.
WARNING:pgmpy:Probability values don't exactly sum to 1. Differ by: 1.1102230246251565e-16. Adjusting values.
WARNING:pgmpy:Probability values don't exactly sum to 1. Differ by: -2.220446049250313e-16. Adjusting values.
WARNING:pgmpy:Probability values don't exactly sum to 1. Differ by: 1.1102230246251565e-16. Adjusting values.
WARNING:pgmpy:Probability values don't exactly sum to 1. Differ by: 1.1102230246251565e-16. Adjusting values.
WARNING:pgmpy:Probability values don't exactly sum to 1. Differ by: 2.220446049250313e-16. Adjusting values.
WARNING:pgmpy:Probability values don't exactly sum to 1. Differ by: 1.1102230246251565e-16. Adjusting values.
WARNING:pgmpy:Probability values don't exactly sum to 1. Differ by: 1.1102230246251565e-16. Adjusting values.
WARNING:pgmpy:Probability values don't exactly sum to 1. Differ by: 1.1102230246251565e-16. Adjusting values.
WARNING:tensorflow:From c:\Users\Asus\AppData\Local\Programs\Python\Python39\lib\site-packages\keras\src\backend\common\global_state.py:82: The name tf.reset_default_graph is deprecated. Please use tf.compat.v1.reset_default_graph instead.

WARNING:tensorflow:From c:\Users\Asus\AppData\Local\Programs\Python\Python39\lib\site-packages\keras\src\backend\common\global_state.py:82: The name tf.reset_default_graph is deprecated. Please use tf.compat.v1.reset_default_graph instead.

WARNING:pgmpy:Probability values don't exactly sum to 1. Differ by: 1.1102230246251565e-16. Adjusting values.
WARNING:pgmpy:Probability values don't exactly sum to 1. Differ by: 1.1102230246251565e-16. Adjusting values.
WARNING:tensorflow:From c:\Users\Asus\AppData\Local\Programs\Python\Python39\lib\site-packages\keras\src\backend\common\global_state.py:82: The name tf.reset_default_graph is deprecated. Please use tf.compat.v1.reset_default_graph instead.

WARNING:tensorflow:From c:\Users\Asus\AppData\Local\Programs\Python\Python39\lib\site-packages\keras\src\backend\common\global_state.py:82: The name tf.reset_default_graph is deprecated. Please use tf.compat.v1.reset_default_graph instead.

WARNING:pgmpy:Probability values don't exactly sum to 1. Differ by: 1.1102230246251565e-16. Adjusting values.
WARNING:pgmpy:Probability values don't exactly sum to 1. Differ by: -2.220446049250313e-16. Adjusting values.
WARNING:pgmpy:Probability values don't exactly sum to 1. Differ by: 1.1102230246251565e-16. Adjusting values.
WARNING:pgmpy:Probability values don't exactly sum to 1. Differ by: 1.1102230246251565e-16. Adjusting values.
WARNING:pgmpy:Probability values don't exactly sum to 1. Differ by: 1.1102230246251565e-16. Adjusting values.
WARNING:pgmpy:Probability values don't exactly sum to 1. Differ by: 1.1102230246251565e-16. Adjusting values.
WARNING:pgmpy:Probability values don't exactly sum to 1. Differ by: 1.1102230246251565e-16. Adjusting values.
WARNING:pgmpy:Probability values don't exactly sum to 1. Differ by: 1.1102230246251565e-16. Adjusting values.
WARNING:pgmpy:Probability values don't exactly sum to 1. Differ by: 1.1102230246251565e-16. Adjusting values.
WARNING:pgmpy:Probability values don't exactly sum to 1. Differ by: 2.220446049250313e-16. Adjusting values.
WARNING:pgmpy:Probability values don't exactly sum to 1. Differ by: 1.1102230246251565e-16. Adjusting values.
WARNING:pgmpy:Probability values don't exactly sum to 1. Differ by: 1.1102230246251565e-16. Adjusting values.
WARNING:pgmpy:Probability values don't exactly sum to 1. Differ by: -2.220446049250313e-16. Adjusting values.
WARNING:pgmpy:Probability values don't exactly sum to 1. Differ by: 1.1102230246251565e-16. Adjusting values.
WARNING:pgmpy:Probability values don't exactly sum to 1. Differ by: -2.220446049250313e-16. Adjusting values.
WARNING:pgmpy:Probability values don't exactly sum to 1. Differ by: 1.1102230246251565e-16. Adjusting values.
WARNING:pgmpy:Probability values don't exactly sum to 1. Differ by: -2.220446049250313e-16. Adjusting values.
WARNING:pgmpy:Probability values don't exactly sum to 1. Differ by: 1.1102230246251565e-16. Adjusting values.
WARNING:pgmpy:Probability values don't exactly sum to 1. Differ by: 1.1102230246251565e-16. Adjusting values.
WARNING:pgmpy:Probability values don't exactly sum to 1. Differ by: 1.1102230246251565e-16. Adjusting values.
WARNING:pgmpy:Probability values don't exactly sum to 1. Differ by: 1.1102230246251565e-16. Adjusting values.
WARNING:pgmpy:Probability values don't exactly sum to 1. Differ by: -2.220446049250313e-16. Adjusting values.
WARNING:pgmpy:Probability values don't exactly sum to 1. Differ by: -2.220446049250313e-16. Adjusting values.
WARNING:pgmpy:Probability values don't exactly sum to 1. Differ by: 1.1102230246251565e-16. Adjusting values.
WARNING:pgmpy:Probability values don't exactly sum to 1. Differ by: 1.1102230246251565e-16. Adjusting values.
WARNING:pgmpy:Probability values don't exactly sum to 1. Differ by: 1.1102230246251565e-16. Adjusting values.
WARNING:pgmpy:Probability values don't exactly sum to 1. Differ by: -2.220446049250313e-16. Adjusting values.
WARNING:pgmpy:Probability values don't exactly sum to 1. Differ by: 2.220446049250313e-16. Adjusting values.
WARNING:pgmpy:Probability values don't exactly sum to 1. Differ by: 1.1102230246251565e-16. Adjusting values.
WARNING:pgmpy:Probability values don't exactly sum to 1. Differ by: -2.220446049250313e-16. Adjusting values.
WARNING:pgmpy:Probability values don't exactly sum to 1. Differ by: 1.1102230246251565e-16. Adjusting values.
WARNING:pgmpy:Probability values don't exactly sum to 1. Differ by: 1.1102230246251565e-16. Adjusting values.
WARNING:pgmpy:Probability values don't exactly sum to 1. Differ by: 1.1102230246251565e-16. Adjusting values.
WARNING:pgmpy:Probability values don't exactly sum to 1. Differ by: 1.1102230246251565e-16. Adjusting values.
WARNING:pgmpy:Probability values don't exactly sum to 1. Differ by: 2.220446049250313e-16. Adjusting values.
WARNING:pgmpy:Probability values don't exactly sum to 1. Differ by: 1.1102230246251565e-16. Adjusting values.
WARNING:pgmpy:Probability values don't exactly sum to 1. Differ by: 2.220446049250313e-16. Adjusting values.
WARNING:pgmpy:Probability values don't exactly sum to 1. Differ by: -2.220446049250313e-16. Adjusting values.
WARNING:pgmpy:Probability values don't exactly sum to 1. Differ by: 2.220446049250313e-16. Adjusting values.
WARNING:pgmpy:Probability values don't exactly sum to 1. Differ by: 1.1102230246251565e-16. Adjusting values.
WARNING:pgmpy:Probability values don't exactly sum to 1. Differ by: 1.1102230246251565e-16. Adjusting values.
WARNING:pgmpy:Probability values don't exactly sum to 1. Differ by: -2.220446049250313e-16. Adjusting values.
WARNING:pgmpy:Probability values don't exactly sum to 1. Differ by: 1.1102230246251565e-16. Adjusting values.
WARNING:pgmpy:Probability values don't exactly sum to 1. Differ by: 1.1102230246251565e-16. Adjusting values.
WARNING:pgmpy:Probability values don't exactly sum to 1. Differ by: 1.1102230246251565e-16. Adjusting values.
WARNING:pgmpy:Probability values don't exactly sum to 1. Differ by: 1.1102230246251565e-16. Adjusting values.
WARNING:pgmpy:Probability values don't exactly sum to 1. Differ by: -2.220446049250313e-16. Adjusting values.
WARNING:pgmpy:Probability values don't exactly sum to 1. Differ by: 1.1102230246251565e-16. Adjusting values.
WARNING:pgmpy:Probability values don't exactly sum to 1. Differ by: 1.1102230246251565e-16. Adjusting values.
WARNING:pgmpy:Probability values don't exactly sum to 1. Differ by: 1.1102230246251565e-16. Adjusting values.
WARNING:pgmpy:Probability values don't exactly sum to 1. Differ by: 1.1102230246251565e-16. Adjusting values.
WARNING:pgmpy:Probability values don't exactly sum to 1. Differ by: -2.220446049250313e-16. Adjusting values.
WARNING:pgmpy:Probability values don't exactly sum to 1. Differ by: 1.1102230246251565e-16. Adjusting values.
WARNING:pgmpy:Probability values don't exactly sum to 1. Differ by: 1.1102230246251565e-16. Adjusting values.
WARNING:pgmpy:Probability values don't exactly sum to 1. Differ by: 1.1102230246251565e-16. Adjusting values.
